<?xml version="1.0" encoding="UTF-8"?>
<!-- Generated by org.testng.reporters.JUnitReportReporter -->
<testsuite hostname="JayeshPatle" failures="0" tests="2" name="commonTest.TestngFile" time="0.010" errors="0" timestamp="2023-03-06T19:16:36 IST" skipped="0">
  <testcase classname="commonTest.TestngFile" name="testMethod2" time="0.003"/>
  <system-out/>
  <testcase classname="commonTest.TestngFile" name="testMethod1" time="0.007"/>
  <system-out/>
</testsuite> <!-- commonTest.TestngFile -->
