<?xml version="1.0" encoding="UTF-8"?>
<!-- Generated by org.testng.reporters.JUnitReportReporter -->
<testsuite hostname="DESKTOP-0MUFT6L" failures="0" tests="4"
	name="testrunner.runner$AdminLoginTest" time="0.161" errors="0"
	timestamp="2022-12-16T13:43:05 IST" skipped="0">
	<testcase classname="testrunner.runner$AdminLoginTest"
		name="runScenario" time="0.125" />
	<system-out />
	<testcase classname="testrunner.runner$AdminLoginTest"
		name="runScenario" time="0.010" />
	<system-out />
	<testcase classname="testrunner.runner$AdminLoginTest"
		name="runScenario" time="0.014" />
	<system-out />
	<testcase classname="testrunner.runner$AdminLoginTest"
		name="runScenario" time="0.012" />
	<system-out />
</testsuite> <!-- testrunner.runner$AdminLoginTest -->
