<?xml version="1.0" encoding="UTF-8"?>
<!-- Generated by org.testng.reporters.JUnitReportReporter -->
<testsuite hostname="JayeshPatle" failures="0" tests="1" name="seleniumscripts.HandleSSlCertificate" time="13.627" errors="0" timestamp="2023-06-15T16:39:28 IST" skipped="0">
  <testcase classname="seleniumscripts.HandleSSlCertificate" name="handlesslcert" time="13.627"/>
  <system-out/>
</testsuite> <!-- seleniumscripts.HandleSSlCertificate -->
