<?xml version="1.0" encoding="UTF-8"?>
<!-- Generated by org.testng.reporters.JUnitReportReporter -->
<testsuite hostname="JayeshPatle" failures="0" tests="1" name="seleniumscripts.FindBrokenLinks" time="11.096" errors="0" timestamp="2023-06-13T11:36:46 IST" skipped="0">
  <testcase classname="seleniumscripts.FindBrokenLinks" name="findBrokenLinks" time="11.096"/>
  <system-out/>
</testsuite> <!-- seleniumscripts.FindBrokenLinks -->
