<?xml version="1.0" encoding="UTF-8"?>
<!-- Generated by org.testng.reporters.JUnitReportReporter -->
<testsuite hostname="JayeshPatle" failures="0" tests="1" name="seleniumscripts.Cofirmtktapp" time="5.933" errors="0" timestamp="2023-06-15T16:38:43 IST" skipped="0">
  <testcase classname="seleniumscripts.Cofirmtktapp" name="selectdeptodestcity" time="5.933"/>
  <system-out/>
</testsuite> <!-- seleniumscripts.Cofirmtktapp -->
