<?xml version="1.0" encoding="UTF-8"?>
<!-- Generated by org.testng.reporters.JUnitReportReporter -->
<testsuite hostname="JayeshPatle" failures="0" tests="2" name="seleniumscripts.ReadCsvfile" time="0.041" errors="0" timestamp="2023-06-13T12:24:12 IST" skipped="1">
  <testcase classname="seleniumscripts.ReadCsvfile" name="readusingOpenCsv" time="0.041"/>
  <system-out/>
  <testcase classname="seleniumscripts.ReadCsvfile" name="getCsvUsingscanner">
    <skipped/>
  </testcase> <!-- getCsvUsingscanner -->
  <system-out/>
</testsuite> <!-- seleniumscripts.ReadCsvfile -->
