<?xml version="1.0" encoding="UTF-8"?>
<!-- Generated by org.testng.reporters.JUnitReportReporter -->
<testsuite hostname="JayeshPatle" failures="0" tests="3" name="seleniumscripts.ExplicitWaits" time="16.948" errors="0" timestamp="2023-06-26T13:31:53 IST" skipped="2">
  <testcase classname="seleniumscripts.ExplicitWaits" name="waitforalert" time="16.948"/>
  <system-out/>
  <testcase classname="seleniumscripts.ExplicitWaits" name="fluentwait3">
    <skipped/>
  </testcase> <!-- fluentwait3 -->
  <system-out/>
  <testcase classname="seleniumscripts.ExplicitWaits" name="fluentwait2">
    <skipped/>
  </testcase> <!-- fluentwait2 -->
  <system-out/>
</testsuite> <!-- seleniumscripts.ExplicitWaits -->
