<?xml version="1.0" encoding="UTF-8"?>
<!-- Generated by org.testng.reporters.JUnitReportReporter -->
<testsuite hostname="JayeshPatle" failures="0" tests="1" name="seleniumscripts.PopUpHandling" time="2.476" errors="0" timestamp="2023-06-29T23:39:54 IST" skipped="0">
  <testcase classname="seleniumscripts.PopUpHandling" name="popuphandle" time="2.476"/>
  <system-out/>
</testsuite> <!-- seleniumscripts.PopUpHandling -->
