<?xml version="1.0" encoding="UTF-8"?>
<!-- Generated by org.testng.reporters.JUnitReportReporter -->
<testsuite hostname="JayeshPatle" failures="0" tests="5" name="seleniumscripts.SeleniumWaits" time="14.898" errors="0" timestamp="2023-06-25T15:54:15 IST" skipped="4">
  <testcase classname="seleniumscripts.SeleniumWaits" name="explicitwaitforalert" time="14.898"/>
  <system-out/>
  <testcase classname="seleniumscripts.SeleniumWaits" name="explicitWait2">
    <skipped/>
  </testcase> <!-- explicitWait2 -->
  <system-out/>
  <testcase classname="seleniumscripts.SeleniumWaits" name="implicitWait">
    <skipped/>
  </testcase> <!-- implicitWait -->
  <system-out/>
  <testcase classname="seleniumscripts.SeleniumWaits" name="fluentWait">
    <skipped/>
  </testcase> <!-- fluentWait -->
  <system-out/>
  <testcase classname="seleniumscripts.SeleniumWaits" name="explicitWait">
    <skipped/>
  </testcase> <!-- explicitWait -->
  <system-out/>
</testsuite> <!-- seleniumscripts.SeleniumWaits -->
