<?xml version="1.0" encoding="UTF-8"?>
<!-- Generated by org.testng.reporters.JUnitReportReporter -->
<testsuite hostname="JayeshPatle" failures="0" tests="2" name="seleniumscripts.VerifyTitle" time="65.867" errors="0" timestamp="2023-07-12T11:17:15 IST" skipped="0">
  <testcase classname="seleniumscripts.VerifyTitle" name="verifyPageTitle" time="9.659"/>
  <system-out/>
  <testcase classname="seleniumscripts.VerifyTitle" name="getHomepage" time="56.208"/>
  <system-out/>
</testsuite> <!-- seleniumscripts.VerifyTitle -->
