<?xml version="1.0" encoding="UTF-8"?>
<!-- Generated by org.testng.reporters.JUnitReportReporter -->
<testsuite hostname="JayeshPatle" failures="0" tests="1" name="seleniumscripts.Growwcalculator" time="138.049" errors="0" timestamp="2023-07-31T16:25:34 IST" skipped="0">
  <testcase classname="seleniumscripts.Growwcalculator" name="brokeragecalculator" time="138.049"/>
  <system-out/>
</testsuite> <!-- seleniumscripts.Growwcalculator -->
