<?xml version="1.0" encoding="UTF-8"?>
<!-- Generated by org.testng.reporters.JUnitReportReporter -->
<testsuite hostname="JayeshPatle" failures="0" tests="1" name="seleniumscripts.JavascriptActions" time="1.263" errors="0" timestamp="2023-06-13T12:50:55 IST" skipped="0">
  <testcase classname="seleniumscripts.JavascriptActions" name="actions" time="1.263"/>
  <system-out/>
</testsuite> <!-- seleniumscripts.JavascriptActions -->
