<?xml version="1.0" encoding="UTF-8"?>
<!-- Generated by org.testng.reporters.JUnitReportReporter -->
<testsuite hostname="JayeshPatle" failures="0" tests="1" name="apiwithrestassured.BasicAuth" time="8.182" errors="0" timestamp="2023-06-20T10:59:09 IST" skipped="0">
  <testcase classname="apiwithrestassured.BasicAuth" name="basicAuthentication" time="8.182"/>
  <system-out/>
</testsuite> <!-- apiwithrestassured.BasicAuth -->
