<?xml version="1.0" encoding="UTF-8"?>
<!-- Generated by org.testng.reporters.JUnitReportReporter -->
<testsuite hostname="JayeshPatle" failures="0" tests="2" name="apiwithrestassured.ParsingxmlResponse" time="1.828" errors="0" timestamp="2023-05-29T13:55:10 IST" skipped="1">
  <testcase classname="apiwithrestassured.ParsingxmlResponse" name="getXmlPath" time="1.828"/>
  <system-out/>
  <testcase classname="apiwithrestassured.ParsingxmlResponse" name="getResponse">
    <skipped/>
  </testcase> <!-- getResponse -->
  <system-out/>
</testsuite> <!-- apiwithrestassured.ParsingxmlResponse -->
