<?xml version="1.0" encoding="UTF-8"?>
<!-- Generated by org.testng.reporters.JUnitReportReporter -->
<testsuite hostname="DESKTOP-0MUFT6L" failures="0" tests="1" name="orangehrm.tests.OrangeHRMTestSuite" time="46.158" errors="0" timestamp="2022-03-05T15:17:37 IST" skipped="0">
  <testcase classname="orangehrm.tests.OrangeHRMTestSuite" name="checkOrangeHRM" time="46.158"/>
  <system-out/>
</testsuite> <!-- orangehrm.tests.OrangeHRMTestSuite -->
