<?xml version="1.0" encoding="UTF-8"?>
<!-- Generated by org.testng.reporters.JUnitReportReporter -->
<testsuite hostname="DESKTOP-0MUFT6L" failures="0" tests="1" name="spicejet.Baseclass" time="52.339" errors="0" timestamp="2022-02-28T16:31:31 IST" skipped="0">
  <testcase classname="spicejet.Baseclass" name="login" time="52.339"/>
  <system-out/>
</testsuite> <!-- spicejet.Baseclass -->
