<?xml version="1.0" encoding="UTF-8"?>
<!-- Generated by org.testng.reporters.JUnitReportReporter -->
<testsuite hostname="DESKTOP-0MUFT6L" failures="0" tests="1" name="library.selectdatewithjsexecutor" time="12.971" errors="0" timestamp="2022-03-04T10:19:23 IST" skipped="0">
  <testcase classname="library.selectdatewithjsexecutor" name="selectDate" time="12.971"/>
  <system-out/>
</testsuite> <!-- library.selectdatewithjsexecutor -->
