<?xml version="1.0" encoding="UTF-8"?>
<!-- Generated by org.testng.reporters.JUnitReportReporter -->
<testsuite hostname="DESKTOP-0MUFT6L" failures="0" tests="1" name="library.New_user_registration" time="5.622" errors="0" timestamp="2022-03-08T13:44:52 IST" skipped="0">
  <testcase classname="library.New_user_registration" name="searchflights" time="5.622"/>
  <system-out/>
</testsuite> <!-- library.New_user_registration -->
