<?xml version="1.0" encoding="UTF-8"?>
<!-- Generated by org.testng.reporters.JUnitReportReporter -->
<testsuite hostname="DESKTOP-0MUFT6L" failures="0" tests="5" name="library.Spicetest" time="109962.570" errors="1" timestamp="2022-03-03T23:26:05 IST" skipped="3">
  <testcase classname="library.Spicetest" name="input" time="0.160"/>
  <system-out/>
  <testcase classname="library.Spicetest" name="tocity" time="109962.406">
    <error type="java.lang.StackOverflowError">
      <![CDATA[java.lang.StackOverflowError
at library.Spicetest.tocity(Spicetest.java:20)
at library.Spicetest.tocity(Spicetest.java:21)
at library.Spicetest.tocity(Spicetest.java:21)
at library.Spicetest.tocity(Spicetest.java:21)
at library.Spicetest.tocity(Spicetest.java:21)
at library.Spicetest.tocity(Spicetest.java:21)
at library.Spicetest.tocity(Spicetest.java:21)
at library.Spicetest.tocity(Spicetest.java:21)
at library.Spicetest.tocity(Spicetest.java:21)
at library.Spicetest.tocity(Spicetest.java:21)
at library.Spicetest.tocity(Spicetest.java:21)
at library.Spicetest.tocity(Spicetest.java:21)
at library.Spicetest.tocity(Spicetest.java:21)
at library.Spicetest.tocity(Spicetest.java:21)
at library.Spicetest.tocity(Spicetest.java:21)
at library.Spicetest.tocity(Spicetest.java:21)
at library.Spicetest.tocity(Spicetest.java:21)
at library.Spicetest.tocity(Spicetest.java:21)
at library.Spicetest.tocity(Spicetest.java:21)
at library.Spicetest.tocity(Spicetest.java:21)
at library.Spicetest.tocity(Spicetest.java:21)
at library.Spicetest.tocity(Spicetest.java:21)
at library.Spicetest.tocity(Spicetest.java:21)
at library.Spicetest.tocity(Spicetest.java:21)
at library.Spicetest.tocity(Spicetest.java:21)
at library.Spicetest.tocity(Spicetest.java:21)
at library.Spicetest.tocity(Spicetest.java:21)
at library.Spicetest.tocity(Spicetest.java:21)
at library.Spicetest.tocity(Spicetest.java:21)
at library.Spicetest.tocity(Spicetest.java:21)
at library.Spicetest.tocity(Spicetest.java:21)
at library.Spicetest.tocity(Spicetest.java:21)
at library.Spicetest.tocity(Spicetest.java:21)
at library.Spicetest.tocity(Spicetest.java:21)
at library.Spicetest.tocity(Spicetest.java:21)
at library.Spicetest.tocity(Spicetest.java:21)
at library.Spicetest.tocity(Spicetest.java:21)
at library.Spicetest.tocity(Spicetest.java:21)
at library.Spicetest.tocity(Spicetest.java:21)
at library.Spicetest.tocity(Spicetest.java:21)
at library.Spicetest.tocity(Spicetest.java:21)
at library.Spicetest.tocity(Spicetest.java:21)
at library.Spicetest.tocity(Spicetest.java:21)
at library.Spicetest.tocity(Spicetest.java:21)
at library.Spicetest.tocity(Spicetest.java:21)
at library.Spicetest.tocity(Spicetest.java:21)
at library.Spicetest.tocity(Spicetest.java:21)
at library.Spicetest.tocity(Spicetest.java:21)
at library.Spicetest.tocity(Spicetest.java:21)
at library.Spicetest.tocity(Spicetest.java:21)
at library.Spicetest.tocity(Spicetest.java:21)
at library.Spicetest.tocity(Spicetest.java:21)
at library.Spicetest.tocity(Spicetest.java:21)
at library.Spicetest.tocity(Spicetest.java:21)
at library.Spicetest.tocity(Spicetest.java:21)
at library.Spicetest.tocity(Spicetest.java:21)
at library.Spicetest.tocity(Spicetest.java:21)
at library.Spicetest.tocity(Spicetest.java:21)
at library.Spicetest.tocity(Spicetest.java:21)
at library.Spicetest.tocity(Spicetest.java:21)
at library.Spicetest.tocity(Spicetest.java:21)
at library.Spicetest.tocity(Spicetest.java:21)
at library.Spicetest.tocity(Spicetest.java:21)
at library.Spicetest.tocity(Spicetest.java:21)
at library.Spicetest.tocity(Spicetest.java:21)
at library.Spicetest.tocity(Spicetest.java:21)
at library.Spicetest.tocity(Spicetest.java:21)
at library.Spicetest.tocity(Spicetest.java:21)
at library.Spicetest.tocity(Spicetest.java:21)
at library.Spicetest.tocity(Spicetest.java:21)
at library.Spicetest.tocity(Spicetest.java:21)
at library.Spicetest.tocity(Spicetest.java:21)
at library.Spicetest.tocity(Spicetest.java:21)
at library.Spicetest.tocity(Spicetest.java:21)
at library.Spicetest.tocity(Spicetest.java:21)
at library.Spicetest.tocity(Spicetest.java:21)
at library.Spicetest.tocity(Spicetest.java:21)
at library.Spicetest.tocity(Spicetest.java:21)
at library.Spicetest.tocity(Spicetest.java:21)
at library.Spicetest.tocity(Spicetest.java:21)
at library.Spicetest.tocity(Spicetest.java:21)
at library.Spicetest.tocity(Spicetest.java:21)
at library.Spicetest.tocity(Spicetest.java:21)
at library.Spicetest.tocity(Spicetest.java:21)
at library.Spicetest.tocity(Spicetest.java:21)
at library.Spicetest.tocity(Spicetest.java:21)
at library.Spicetest.tocity(Spicetest.java:21)
at library.Spicetest.tocity(Spicetest.java:21)
at library.Spicetest.tocity(Spicetest.java:21)
at library.Spicetest.tocity(Spicetest.java:21)
at library.Spicetest.tocity(Spicetest.java:21)
at library.Spicetest.tocity(Spicetest.java:21)
at library.Spicetest.tocity(Spicetest.java:21)
at library.Spicetest.tocity(Spicetest.java:21)
at library.Spicetest.tocity(Spicetest.java:21)
at library.Spicetest.tocity(Spicetest.java:21)
at library.Spicetest.tocity(Spicetest.java:21)
at library.Spicetest.tocity(Spicetest.java:21)
at library.Spicetest.tocity(Spicetest.java:21)
at library.Spicetest.tocity(Spicetest.java:21)
at library.Spicetest.tocity(Spicetest.java:21)
at library.Spicetest.tocity(Spicetest.java:21)
at library.Spicetest.tocity(Spicetest.java:21)
at library.Spicetest.tocity(Spicetest.java:21)
at library.Spicetest.tocity(Spicetest.java:21)
at library.Spicetest.tocity(Spicetest.java:21)
at library.Spicetest.tocity(Spicetest.java:21)
at library.Spicetest.tocity(Spicetest.java:21)
at library.Spicetest.tocity(Spicetest.java:21)
at library.Spicetest.tocity(Spicetest.java:21)
at library.Spicetest.tocity(Spicetest.java:21)
at library.Spicetest.tocity(Spicetest.java:21)
at library.Spicetest.tocity(Spicetest.java:21)
at library.Spicetest.tocity(Spicetest.java:21)
at library.Spicetest.tocity(Spicetest.java:21)
at library.Spicetest.tocity(Spicetest.java:21)
at library.Spicetest.tocity(Spicetest.java:21)
at library.Spicetest.tocity(Spicetest.java:21)
at library.Spicetest.tocity(Spicetest.java:21)
at library.Spicetest.tocity(Spicetest.java:21)
at library.Spicetest.tocity(Spicetest.java:21)
at library.Spicetest.tocity(Spicetest.java:21)
at library.Spicetest.tocity(Spicetest.java:21)
at library.Spicetest.tocity(Spicetest.java:21)
at library.Spicetest.tocity(Spicetest.java:21)
at library.Spicetest.tocity(Spicetest.java:21)
at library.Spicetest.tocity(Spicetest.java:21)
at library.Spicetest.tocity(Spicetest.java:21)
at library.Spicetest.tocity(Spicetest.java:21)
at library.Spicetest.tocity(Spicetest.java:21)
at library.Spicetest.tocity(Spicetest.java:21)
at library.Spicetest.tocity(Spicetest.java:21)
at library.Spicetest.tocity(Spicetest.java:21)
at library.Spicetest.tocity(Spicetest.java:21)
at library.Spicetest.tocity(Spicetest.java:21)
at library.Spicetest.tocity(Spicetest.java:21)
at library.Spicetest.tocity(Spicetest.java:21)
at library.Spicetest.tocity(Spicetest.java:21)
at library.Spicetest.tocity(Spicetest.java:21)
at library.Spicetest.tocity(Spicetest.java:21)
at library.Spicetest.tocity(Spicetest.java:21)
at library.Spicetest.tocity(Spicetest.java:21)
at library.Spicetest.tocity(Spicetest.java:21)
at library.Spicetest.tocity(Spicetest.java:21)
at library.Spicetest.tocity(Spicetest.java:21)
at library.Spicetest.tocity(Spicetest.java:21)
at library.Spicetest.tocity(Spicetest.java:21)
at library.Spicetest.tocity(Spicetest.java:21)
at library.Spicetest.tocity(Spicetest.java:21)
at library.Spicetest.tocity(Spicetest.java:21)
at library.Spicetest.tocity(Spicetest.java:21)
at library.Spicetest.tocity(Spicetest.java:21)
at library.Spicetest.tocity(Spicetest.java:21)
at library.Spicetest.tocity(Spicetest.java:21)
at library.Spicetest.tocity(Spicetest.java:21)
at library.Spicetest.tocity(Spicetest.java:21)
at library.Spicetest.tocity(Spicetest.java:21)
at library.Spicetest.tocity(Spicetest.java:21)
at library.Spicetest.tocity(Spicetest.java:21)
at library.Spicetest.tocity(Spicetest.java:21)
at library.Spicetest.tocity(Spicetest.java:21)
at library.Spicetest.tocity(Spicetest.java:21)
at library.Spicetest.tocity(Spicetest.java:21)
at library.Spicetest.tocity(Spicetest.java:21)
at library.Spicetest.tocity(Spicetest.java:21)
at library.Spicetest.tocity(Spicetest.java:21)
at library.Spicetest.tocity(Spicetest.java:21)
at library.Spicetest.tocity(Spicetest.java:21)
at library.Spicetest.tocity(Spicetest.java:21)
at library.Spicetest.tocity(Spicetest.java:21)
at library.Spicetest.tocity(Spicetest.java:21)
at library.Spicetest.tocity(Spicetest.java:21)
at library.Spicetest.tocity(Spicetest.java:21)
at library.Spicetest.tocity(Spicetest.java:21)
at library.Spicetest.tocity(Spicetest.java:21)
at library.Spicetest.tocity(Spicetest.java:21)
at library.Spicetest.tocity(Spicetest.java:21)
at library.Spicetest.tocity(Spicetest.java:21)
at library.Spicetest.tocity(Spicetest.java:21)
at library.Spicetest.tocity(Spicetest.java:21)
at library.Spicetest.tocity(Spicetest.java:21)
at library.Spicetest.tocity(Spicetest.java:21)
at library.Spicetest.tocity(Spicetest.java:21)
at library.Spicetest.tocity(Spicetest.java:21)
at library.Spicetest.tocity(Spicetest.java:21)
at library.Spicetest.tocity(Spicetest.java:21)
at library.Spicetest.tocity(Spicetest.java:21)
at library.Spicetest.tocity(Spicetest.java:21)
at library.Spicetest.tocity(Spicetest.java:21)
at library.Spicetest.tocity(Spicetest.java:21)
at library.Spicetest.tocity(Spicetest.java:21)
at library.Spicetest.tocity(Spicetest.java:21)
at library.Spicetest.tocity(Spicetest.java:21)
at library.Spicetest.tocity(Spicetest.java:21)
at library.Spicetest.tocity(Spicetest.java:21)
at library.Spicetest.tocity(Spicetest.java:21)
at library.Spicetest.tocity(Spicetest.java:21)
at library.Spicetest.tocity(Spicetest.java:21)
at library.Spicetest.tocity(Spicetest.java:21)
at library.Spicetest.tocity(Spicetest.java:21)
at library.Spicetest.tocity(Spicetest.java:21)
at library.Spicetest.tocity(Spicetest.java:21)
at library.Spicetest.tocity(Spicetest.java:21)
at library.Spicetest.tocity(Spicetest.java:21)
at library.Spicetest.tocity(Spicetest.java:21)
at library.Spicetest.tocity(Spicetest.java:21)
at library.Spicetest.tocity(Spicetest.java:21)
at library.Spicetest.tocity(Spicetest.java:21)
at library.Spicetest.tocity(Spicetest.java:21)
at library.Spicetest.tocity(Spicetest.java:21)
at library.Spicetest.tocity(Spicetest.java:21)
at library.Spicetest.tocity(Spicetest.java:21)
at library.Spicetest.tocity(Spicetest.java:21)
at library.Spicetest.tocity(Spicetest.java:21)
at library.Spicetest.tocity(Spicetest.java:21)
at library.Spicetest.tocity(Spicetest.java:21)
at library.Spicetest.tocity(Spicetest.java:21)
at library.Spicetest.tocity(Spicetest.java:21)
at library.Spicetest.tocity(Spicetest.java:21)
at library.Spicetest.tocity(Spicetest.java:21)
at library.Spicetest.tocity(Spicetest.java:21)
at library.Spicetest.tocity(Spicetest.java:21)
at library.Spicetest.tocity(Spicetest.java:21)
at library.Spicetest.tocity(Spicetest.java:21)
at library.Spicetest.tocity(Spicetest.java:21)
at library.Spicetest.tocity(Spicetest.java:21)
at library.Spicetest.tocity(Spicetest.java:21)
at library.Spicetest.tocity(Spicetest.java:21)
at library.Spicetest.tocity(Spicetest.java:21)
at library.Spicetest.tocity(Spicetest.java:21)
at library.Spicetest.tocity(Spicetest.java:21)
at library.Spicetest.tocity(Spicetest.java:21)
at library.Spicetest.tocity(Spicetest.java:21)
at library.Spicetest.tocity(Spicetest.java:21)
at library.Spicetest.tocity(Spicetest.java:21)
at library.Spicetest.tocity(Spicetest.java:21)
at library.Spicetest.tocity(Spicetest.java:21)
at library.Spicetest.tocity(Spicetest.java:21)
at library.Spicetest.tocity(Spicetest.java:21)
at library.Spicetest.tocity(Spicetest.java:21)
at library.Spicetest.tocity(Spicetest.java:21)
at library.Spicetest.tocity(Spicetest.java:21)
at library.Spicetest.tocity(Spicetest.java:21)
at library.Spicetest.tocity(Spicetest.java:21)
at library.Spicetest.tocity(Spicetest.java:21)
at library.Spicetest.tocity(Spicetest.java:21)
at library.Spicetest.tocity(Spicetest.java:21)
at library.Spicetest.tocity(Spicetest.java:21)
at library.Spicetest.tocity(Spicetest.java:21)
at library.Spicetest.tocity(Spicetest.java:21)
at library.Spicetest.tocity(Spicetest.java:21)
at library.Spicetest.tocity(Spicetest.java:21)
at library.Spicetest.tocity(Spicetest.java:21)
at library.Spicetest.tocity(Spicetest.java:21)
at library.Spicetest.tocity(Spicetest.java:21)
at library.Spicetest.tocity(Spicetest.java:21)
at library.Spicetest.tocity(Spicetest.java:21)
at library.Spicetest.tocity(Spicetest.java:21)
at library.Spicetest.tocity(Spicetest.java:21)
at library.Spicetest.tocity(Spicetest.java:21)
at library.Spicetest.tocity(Spicetest.java:21)
at library.Spicetest.tocity(Spicetest.java:21)
at library.Spicetest.tocity(Spicetest.java:21)
at library.Spicetest.tocity(Spicetest.java:21)
at library.Spicetest.tocity(Spicetest.java:21)
at library.Spicetest.tocity(Spicetest.java:21)
at library.Spicetest.tocity(Spicetest.java:21)
at library.Spicetest.tocity(Spicetest.java:21)
at library.Spicetest.tocity(Spicetest.java:21)
at library.Spicetest.tocity(Spicetest.java:21)
at library.Spicetest.tocity(Spicetest.java:21)
at library.Spicetest.tocity(Spicetest.java:21)
at library.Spicetest.tocity(Spicetest.java:21)
at library.Spicetest.tocity(Spicetest.java:21)
at library.Spicetest.tocity(Spicetest.java:21)
at library.Spicetest.tocity(Spicetest.java:21)
at library.Spicetest.tocity(Spicetest.java:21)
at library.Spicetest.tocity(Spicetest.java:21)
at library.Spicetest.tocity(Spicetest.java:21)
at library.Spicetest.tocity(Spicetest.java:21)
at library.Spicetest.tocity(Spicetest.java:21)
at library.Spicetest.tocity(Spicetest.java:21)
at library.Spicetest.tocity(Spicetest.java:21)
at library.Spicetest.tocity(Spicetest.java:21)
at library.Spicetest.tocity(Spicetest.java:21)
at library.Spicetest.tocity(Spicetest.java:21)
at library.Spicetest.tocity(Spicetest.java:21)
at library.Spicetest.tocity(Spicetest.java:21)
at library.Spicetest.tocity(Spicetest.java:21)
at library.Spicetest.tocity(Spicetest.java:21)
at library.Spicetest.tocity(Spicetest.java:21)
at library.Spicetest.tocity(Spicetest.java:21)
at library.Spicetest.tocity(Spicetest.java:21)
at library.Spicetest.tocity(Spicetest.java:21)
at library.Spicetest.tocity(Spicetest.java:21)
at library.Spicetest.tocity(Spicetest.java:21)
at library.Spicetest.tocity(Spicetest.java:21)
at library.Spicetest.tocity(Spicetest.java:21)
at library.Spicetest.tocity(Spicetest.java:21)
at library.Spicetest.tocity(Spicetest.java:21)
at library.Spicetest.tocity(Spicetest.java:21)
at library.Spicetest.tocity(Spicetest.java:21)
at library.Spicetest.tocity(Spicetest.java:21)
at library.Spicetest.tocity(Spicetest.java:21)
at library.Spicetest.tocity(Spicetest.java:21)
at library.Spicetest.tocity(Spicetest.java:21)
at library.Spicetest.tocity(Spicetest.java:21)
at library.Spicetest.tocity(Spicetest.java:21)
at library.Spicetest.tocity(Spicetest.java:21)
at library.Spicetest.tocity(Spicetest.java:21)
at library.Spicetest.tocity(Spicetest.java:21)
at library.Spicetest.tocity(Spicetest.java:21)
at library.Spicetest.tocity(Spicetest.java:21)
at library.Spicetest.tocity(Spicetest.java:21)
at library.Spicetest.tocity(Spicetest.java:21)
at library.Spicetest.tocity(Spicetest.java:21)
at library.Spicetest.tocity(Spicetest.java:21)
at library.Spicetest.tocity(Spicetest.java:21)
at library.Spicetest.tocity(Spicetest.java:21)
at library.Spicetest.tocity(Spicetest.java:21)
at library.Spicetest.tocity(Spicetest.java:21)
at library.Spicetest.tocity(Spicetest.java:21)
at library.Spicetest.tocity(Spicetest.java:21)
at library.Spicetest.tocity(Spicetest.java:21)
at library.Spicetest.tocity(Spicetest.java:21)
at library.Spicetest.tocity(Spicetest.java:21)
at library.Spicetest.tocity(Spicetest.java:21)
at library.Spicetest.tocity(Spicetest.java:21)
at library.Spicetest.tocity(Spicetest.java:21)
at library.Spicetest.tocity(Spicetest.java:21)
at library.Spicetest.tocity(Spicetest.java:21)
at library.Spicetest.tocity(Spicetest.java:21)
at library.Spicetest.tocity(Spicetest.java:21)
at library.Spicetest.tocity(Spicetest.java:21)
at library.Spicetest.tocity(Spicetest.java:21)
at library.Spicetest.tocity(Spicetest.java:21)
at library.Spicetest.tocity(Spicetest.java:21)
at library.Spicetest.tocity(Spicetest.java:21)
at library.Spicetest.tocity(Spicetest.java:21)
at library.Spicetest.tocity(Spicetest.java:21)
at library.Spicetest.tocity(Spicetest.java:21)
at library.Spicetest.tocity(Spicetest.java:21)
at library.Spicetest.tocity(Spicetest.java:21)
at library.Spicetest.tocity(Spicetest.java:21)
at library.Spicetest.tocity(Spicetest.java:21)
at library.Spicetest.tocity(Spicetest.java:21)
at library.Spicetest.tocity(Spicetest.java:21)
at library.Spicetest.tocity(Spicetest.java:21)
at library.Spicetest.tocity(Spicetest.java:21)
at library.Spicetest.tocity(Spicetest.java:21)
at library.Spicetest.tocity(Spicetest.java:21)
at library.Spicetest.tocity(Spicetest.java:21)
at library.Spicetest.tocity(Spicetest.java:21)
at library.Spicetest.tocity(Spicetest.java:21)
at library.Spicetest.tocity(Spicetest.java:21)
at library.Spicetest.tocity(Spicetest.java:21)
at library.Spicetest.tocity(Spicetest.java:21)
at library.Spicetest.tocity(Spicetest.java:21)
at library.Spicetest.tocity(Spicetest.java:21)
at library.Spicetest.tocity(Spicetest.java:21)
at library.Spicetest.tocity(Spicetest.java:21)
at library.Spicetest.tocity(Spicetest.java:21)
at library.Spicetest.tocity(Spicetest.java:21)
at library.Spicetest.tocity(Spicetest.java:21)
at library.Spicetest.tocity(Spicetest.java:21)
at library.Spicetest.tocity(Spicetest.java:21)
at library.Spicetest.tocity(Spicetest.java:21)
at library.Spicetest.tocity(Spicetest.java:21)
at library.Spicetest.tocity(Spicetest.java:21)
at library.Spicetest.tocity(Spicetest.java:21)
at library.Spicetest.tocity(Spicetest.java:21)
at library.Spicetest.tocity(Spicetest.java:21)
at library.Spicetest.tocity(Spicetest.java:21)
at library.Spicetest.tocity(Spicetest.java:21)
at library.Spicetest.tocity(Spicetest.java:21)
at library.Spicetest.tocity(Spicetest.java:21)
at library.Spicetest.tocity(Spicetest.java:21)
at library.Spicetest.tocity(Spicetest.java:21)
at library.Spicetest.tocity(Spicetest.java:21)
at library.Spicetest.tocity(Spicetest.java:21)
at library.Spicetest.tocity(Spicetest.java:21)
at library.Spicetest.tocity(Spicetest.java:21)
at library.Spicetest.tocity(Spicetest.java:21)
at library.Spicetest.tocity(Spicetest.java:21)
at library.Spicetest.tocity(Spicetest.java:21)
at library.Spicetest.tocity(Spicetest.java:21)
at library.Spicetest.tocity(Spicetest.java:21)
at library.Spicetest.tocity(Spicetest.java:21)
at library.Spicetest.tocity(Spicetest.java:21)
at library.Spicetest.tocity(Spicetest.java:21)
at library.Spicetest.tocity(Spicetest.java:21)
at library.Spicetest.tocity(Spicetest.java:21)
at library.Spicetest.tocity(Spicetest.java:21)
at library.Spicetest.tocity(Spicetest.java:21)
at library.Spicetest.tocity(Spicetest.java:21)
at library.Spicetest.tocity(Spicetest.java:21)
at library.Spicetest.tocity(Spicetest.java:21)
at library.Spicetest.tocity(Spicetest.java:21)
at library.Spicetest.tocity(Spicetest.java:21)
at library.Spicetest.tocity(Spicetest.java:21)
at library.Spicetest.tocity(Spicetest.java:21)
at library.Spicetest.tocity(Spicetest.java:21)
at library.Spicetest.tocity(Spicetest.java:21)
at library.Spicetest.tocity(Spicetest.java:21)
at library.Spicetest.tocity(Spicetest.java:21)
at library.Spicetest.tocity(Spicetest.java:21)
at library.Spicetest.tocity(Spicetest.java:21)
at library.Spicetest.tocity(Spicetest.java:21)
at library.Spicetest.tocity(Spicetest.java:21)
at library.Spicetest.tocity(Spicetest.java:21)
at library.Spicetest.tocity(Spicetest.java:21)
at library.Spicetest.tocity(Spicetest.java:21)
at library.Spicetest.tocity(Spicetest.java:21)
at library.Spicetest.tocity(Spicetest.java:21)
at library.Spicetest.tocity(Spicetest.java:21)
at library.Spicetest.tocity(Spicetest.java:21)
at library.Spicetest.tocity(Spicetest.java:21)
at library.Spicetest.tocity(Spicetest.java:21)
at library.Spicetest.tocity(Spicetest.java:21)
at library.Spicetest.tocity(Spicetest.java:21)
at library.Spicetest.tocity(Spicetest.java:21)
at library.Spicetest.tocity(Spicetest.java:21)
at library.Spicetest.tocity(Spicetest.java:21)
at library.Spicetest.tocity(Spicetest.java:21)
at library.Spicetest.tocity(Spicetest.java:21)
at library.Spicetest.tocity(Spicetest.java:21)
at library.Spicetest.tocity(Spicetest.java:21)
at library.Spicetest.tocity(Spicetest.java:21)
at library.Spicetest.tocity(Spicetest.java:21)
at library.Spicetest.tocity(Spicetest.java:21)
at library.Spicetest.tocity(Spicetest.java:21)
at library.Spicetest.tocity(Spicetest.java:21)
at library.Spicetest.tocity(Spicetest.java:21)
at library.Spicetest.tocity(Spicetest.java:21)
at library.Spicetest.tocity(Spicetest.java:21)
at library.Spicetest.tocity(Spicetest.java:21)
at library.Spicetest.tocity(Spicetest.java:21)
at library.Spicetest.tocity(Spicetest.java:21)
at library.Spicetest.tocity(Spicetest.java:21)
at library.Spicetest.tocity(Spicetest.java:21)
at library.Spicetest.tocity(Spicetest.java:21)
at library.Spicetest.tocity(Spicetest.java:21)
at library.Spicetest.tocity(Spicetest.java:21)
at library.Spicetest.tocity(Spicetest.java:21)
at library.Spicetest.tocity(Spicetest.java:21)
at library.Spicetest.tocity(Spicetest.java:21)
at library.Spicetest.tocity(Spicetest.java:21)
at library.Spicetest.tocity(Spicetest.java:21)
at library.Spicetest.tocity(Spicetest.java:21)
at library.Spicetest.tocity(Spicetest.java:21)
at library.Spicetest.tocity(Spicetest.java:21)
at library.Spicetest.tocity(Spicetest.java:21)
at library.Spicetest.tocity(Spicetest.java:21)
at library.Spicetest.tocity(Spicetest.java:21)
at library.Spicetest.tocity(Spicetest.java:21)
at library.Spicetest.tocity(Spicetest.java:21)
at library.Spicetest.tocity(Spicetest.java:21)
at library.Spicetest.tocity(Spicetest.java:21)
at library.Spicetest.tocity(Spicetest.java:21)
at library.Spicetest.tocity(Spicetest.java:21)
at library.Spicetest.tocity(Spicetest.java:21)
at library.Spicetest.tocity(Spicetest.java:21)
at library.Spicetest.tocity(Spicetest.java:21)
at library.Spicetest.tocity(Spicetest.java:21)
at library.Spicetest.tocity(Spicetest.java:21)
at library.Spicetest.tocity(Spicetest.java:21)
at library.Spicetest.tocity(Spicetest.java:21)
at library.Spicetest.tocity(Spicetest.java:21)
at library.Spicetest.tocity(Spicetest.java:21)
at library.Spicetest.tocity(Spicetest.java:21)
at library.Spicetest.tocity(Spicetest.java:21)
at library.Spicetest.tocity(Spicetest.java:21)
at library.Spicetest.tocity(Spicetest.java:21)
at library.Spicetest.tocity(Spicetest.java:21)
at library.Spicetest.tocity(Spicetest.java:21)
at library.Spicetest.tocity(Spicetest.java:21)
at library.Spicetest.tocity(Spicetest.java:21)
at library.Spicetest.tocity(Spicetest.java:21)
at library.Spicetest.tocity(Spicetest.java:21)
at library.Spicetest.tocity(Spicetest.java:21)
at library.Spicetest.tocity(Spicetest.java:21)
at library.Spicetest.tocity(Spicetest.java:21)
at library.Spicetest.tocity(Spicetest.java:21)
at library.Spicetest.tocity(Spicetest.java:21)
at library.Spicetest.tocity(Spicetest.java:21)
at library.Spicetest.tocity(Spicetest.java:21)
at library.Spicetest.tocity(Spicetest.java:21)
at library.Spicetest.tocity(Spicetest.java:21)
at library.Spicetest.tocity(Spicetest.java:21)
at library.Spicetest.tocity(Spicetest.java:21)
at library.Spicetest.tocity(Spicetest.java:21)
at library.Spicetest.tocity(Spicetest.java:21)
at library.Spicetest.tocity(Spicetest.java:21)
at library.Spicetest.tocity(Spicetest.java:21)
at library.Spicetest.tocity(Spicetest.java:21)
at library.Spicetest.tocity(Spicetest.java:21)
at library.Spicetest.tocity(Spicetest.java:21)
at library.Spicetest.tocity(Spicetest.java:21)
at library.Spicetest.tocity(Spicetest.java:21)
at library.Spicetest.tocity(Spicetest.java:21)
at library.Spicetest.tocity(Spicetest.java:21)
at library.Spicetest.tocity(Spicetest.java:21)
at library.Spicetest.tocity(Spicetest.java:21)
at library.Spicetest.tocity(Spicetest.java:21)
at library.Spicetest.tocity(Spicetest.java:21)
at library.Spicetest.tocity(Spicetest.java:21)
at library.Spicetest.tocity(Spicetest.java:21)
at library.Spicetest.tocity(Spicetest.java:21)
at library.Spicetest.tocity(Spicetest.java:21)
at library.Spicetest.tocity(Spicetest.java:21)
at library.Spicetest.tocity(Spicetest.java:21)
at library.Spicetest.tocity(Spicetest.java:21)
at library.Spicetest.tocity(Spicetest.java:21)
at library.Spicetest.tocity(Spicetest.java:21)
at library.Spicetest.tocity(Spicetest.java:21)
at library.Spicetest.tocity(Spicetest.java:21)
at library.Spicetest.tocity(Spicetest.java:21)
at library.Spicetest.tocity(Spicetest.java:21)
at library.Spicetest.tocity(Spicetest.java:21)
at library.Spicetest.tocity(Spicetest.java:21)
at library.Spicetest.tocity(Spicetest.java:21)
at library.Spicetest.tocity(Spicetest.java:21)
at library.Spicetest.tocity(Spicetest.java:21)
at library.Spicetest.tocity(Spicetest.java:21)
at library.Spicetest.tocity(Spicetest.java:21)
at library.Spicetest.tocity(Spicetest.java:21)
at library.Spicetest.tocity(Spicetest.java:21)
at library.Spicetest.tocity(Spicetest.java:21)
at library.Spicetest.tocity(Spicetest.java:21)
at library.Spicetest.tocity(Spicetest.java:21)
at library.Spicetest.tocity(Spicetest.java:21)
at library.Spicetest.tocity(Spicetest.java:21)
at library.Spicetest.tocity(Spicetest.java:21)
at library.Spicetest.tocity(Spicetest.java:21)
at library.Spicetest.tocity(Spicetest.java:21)
at library.Spicetest.tocity(Spicetest.java:21)
at library.Spicetest.tocity(Spicetest.java:21)
at library.Spicetest.tocity(Spicetest.java:21)
at library.Spicetest.tocity(Spicetest.java:21)
at library.Spicetest.tocity(Spicetest.java:21)
at library.Spicetest.tocity(Spicetest.java:21)
at library.Spicetest.tocity(Spicetest.java:21)
at library.Spicetest.tocity(Spicetest.java:21)
at library.Spicetest.tocity(Spicetest.java:21)
at library.Spicetest.tocity(Spicetest.java:21)
at library.Spicetest.tocity(Spicetest.java:21)
at library.Spicetest.tocity(Spicetest.java:21)
at library.Spicetest.tocity(Spicetest.java:21)
at library.Spicetest.tocity(Spicetest.java:21)
at library.Spicetest.tocity(Spicetest.java:21)
at library.Spicetest.tocity(Spicetest.java:21)
at library.Spicetest.tocity(Spicetest.java:21)
at library.Spicetest.tocity(Spicetest.java:21)
at library.Spicetest.tocity(Spicetest.java:21)
at library.Spicetest.tocity(Spicetest.java:21)
at library.Spicetest.tocity(Spicetest.java:21)
at library.Spicetest.tocity(Spicetest.java:21)
at library.Spicetest.tocity(Spicetest.java:21)
at library.Spicetest.tocity(Spicetest.java:21)
at library.Spicetest.tocity(Spicetest.java:21)
at library.Spicetest.tocity(Spicetest.java:21)
at library.Spicetest.tocity(Spicetest.java:21)
at library.Spicetest.tocity(Spicetest.java:21)
at library.Spicetest.tocity(Spicetest.java:21)
at library.Spicetest.tocity(Spicetest.java:21)
at library.Spicetest.tocity(Spicetest.java:21)
at library.Spicetest.tocity(Spicetest.java:21)
at library.Spicetest.tocity(Spicetest.java:21)
at library.Spicetest.tocity(Spicetest.java:21)
at library.Spicetest.tocity(Spicetest.java:21)
at library.Spicetest.tocity(Spicetest.java:21)
at library.Spicetest.tocity(Spicetest.java:21)
at library.Spicetest.tocity(Spicetest.java:21)
at library.Spicetest.tocity(Spicetest.java:21)
at library.Spicetest.tocity(Spicetest.java:21)
at library.Spicetest.tocity(Spicetest.java:21)
at library.Spicetest.tocity(Spicetest.java:21)
at library.Spicetest.tocity(Spicetest.java:21)
at library.Spicetest.tocity(Spicetest.java:21)
at library.Spicetest.tocity(Spicetest.java:21)
at library.Spicetest.tocity(Spicetest.java:21)
at library.Spicetest.tocity(Spicetest.java:21)
at library.Spicetest.tocity(Spicetest.java:21)
at library.Spicetest.tocity(Spicetest.java:21)
at library.Spicetest.tocity(Spicetest.java:21)
at library.Spicetest.tocity(Spicetest.java:21)
at library.Spicetest.tocity(Spicetest.java:21)
at library.Spicetest.tocity(Spicetest.java:21)
at library.Spicetest.tocity(Spicetest.java:21)
at library.Spicetest.tocity(Spicetest.java:21)
at library.Spicetest.tocity(Spicetest.java:21)
at library.Spicetest.tocity(Spicetest.java:21)
at library.Spicetest.tocity(Spicetest.java:21)
at library.Spicetest.tocity(Spicetest.java:21)
at library.Spicetest.tocity(Spicetest.java:21)
at library.Spicetest.tocity(Spicetest.java:21)
at library.Spicetest.tocity(Spicetest.java:21)
at library.Spicetest.tocity(Spicetest.java:21)
at library.Spicetest.tocity(Spicetest.java:21)
at library.Spicetest.tocity(Spicetest.java:21)
at library.Spicetest.tocity(Spicetest.java:21)
at library.Spicetest.tocity(Spicetest.java:21)
at library.Spicetest.tocity(Spicetest.java:21)
at library.Spicetest.tocity(Spicetest.java:21)
at library.Spicetest.tocity(Spicetest.java:21)
at library.Spicetest.tocity(Spicetest.java:21)
at library.Spicetest.tocity(Spicetest.java:21)
at library.Spicetest.tocity(Spicetest.java:21)
at library.Spicetest.tocity(Spicetest.java:21)
at library.Spicetest.tocity(Spicetest.java:21)
at library.Spicetest.tocity(Spicetest.java:21)
at library.Spicetest.tocity(Spicetest.java:21)
at library.Spicetest.tocity(Spicetest.java:21)
at library.Spicetest.tocity(Spicetest.java:21)
at library.Spicetest.tocity(Spicetest.java:21)
at library.Spicetest.tocity(Spicetest.java:21)
at library.Spicetest.tocity(Spicetest.java:21)
at library.Spicetest.tocity(Spicetest.java:21)
at library.Spicetest.tocity(Spicetest.java:21)
at library.Spicetest.tocity(Spicetest.java:21)
at library.Spicetest.tocity(Spicetest.java:21)
at library.Spicetest.tocity(Spicetest.java:21)
at library.Spicetest.tocity(Spicetest.java:21)
at library.Spicetest.tocity(Spicetest.java:21)
at library.Spicetest.tocity(Spicetest.java:21)
at library.Spicetest.tocity(Spicetest.java:21)
at library.Spicetest.tocity(Spicetest.java:21)
at library.Spicetest.tocity(Spicetest.java:21)
at library.Spicetest.tocity(Spicetest.java:21)
at library.Spicetest.tocity(Spicetest.java:21)
at library.Spicetest.tocity(Spicetest.java:21)
at library.Spicetest.tocity(Spicetest.java:21)
at library.Spicetest.tocity(Spicetest.java:21)
at library.Spicetest.tocity(Spicetest.java:21)
at library.Spicetest.tocity(Spicetest.java:21)
at library.Spicetest.tocity(Spicetest.java:21)
at library.Spicetest.tocity(Spicetest.java:21)
at library.Spicetest.tocity(Spicetest.java:21)
at library.Spicetest.tocity(Spicetest.java:21)
at library.Spicetest.tocity(Spicetest.java:21)
at library.Spicetest.tocity(Spicetest.java:21)
at library.Spicetest.tocity(Spicetest.java:21)
at library.Spicetest.tocity(Spicetest.java:21)
at library.Spicetest.tocity(Spicetest.java:21)
at library.Spicetest.tocity(Spicetest.java:21)
at library.Spicetest.tocity(Spicetest.java:21)
at library.Spicetest.tocity(Spicetest.java:21)
at library.Spicetest.tocity(Spicetest.java:21)
at library.Spicetest.tocity(Spicetest.java:21)
at library.Spicetest.tocity(Spicetest.java:21)
at library.Spicetest.tocity(Spicetest.java:21)
at library.Spicetest.tocity(Spicetest.java:21)
at library.Spicetest.tocity(Spicetest.java:21)
at library.Spicetest.tocity(Spicetest.java:21)
at library.Spicetest.tocity(Spicetest.java:21)
at library.Spicetest.tocity(Spicetest.java:21)
at library.Spicetest.tocity(Spicetest.java:21)
at library.Spicetest.tocity(Spicetest.java:21)
at library.Spicetest.tocity(Spicetest.java:21)
at library.Spicetest.tocity(Spicetest.java:21)
at library.Spicetest.tocity(Spicetest.java:21)
at library.Spicetest.tocity(Spicetest.java:21)
at library.Spicetest.tocity(Spicetest.java:21)
at library.Spicetest.tocity(Spicetest.java:21)
at library.Spicetest.tocity(Spicetest.java:21)
at library.Spicetest.tocity(Spicetest.java:21)
at library.Spicetest.tocity(Spicetest.java:21)
at library.Spicetest.tocity(Spicetest.java:21)
at library.Spicetest.tocity(Spicetest.java:21)
at library.Spicetest.tocity(Spicetest.java:21)
at library.Spicetest.tocity(Spicetest.java:21)
at library.Spicetest.tocity(Spicetest.java:21)
at library.Spicetest.tocity(Spicetest.java:21)
at library.Spicetest.tocity(Spicetest.java:21)
at library.Spicetest.tocity(Spicetest.java:21)
at library.Spicetest.tocity(Spicetest.java:21)
at library.Spicetest.tocity(Spicetest.java:21)
at library.Spicetest.tocity(Spicetest.java:21)
at library.Spicetest.tocity(Spicetest.java:21)
at library.Spicetest.tocity(Spicetest.java:21)
at library.Spicetest.tocity(Spicetest.java:21)
at library.Spicetest.tocity(Spicetest.java:21)
at library.Spicetest.tocity(Spicetest.java:21)
at library.Spicetest.tocity(Spicetest.java:21)
at library.Spicetest.tocity(Spicetest.java:21)
at library.Spicetest.tocity(Spicetest.java:21)
at library.Spicetest.tocity(Spicetest.java:21)
at library.Spicetest.tocity(Spicetest.java:21)
at library.Spicetest.tocity(Spicetest.java:21)
at library.Spicetest.tocity(Spicetest.java:21)
at library.Spicetest.tocity(Spicetest.java:21)
at library.Spicetest.tocity(Spicetest.java:21)
at library.Spicetest.tocity(Spicetest.java:21)
at library.Spicetest.tocity(Spicetest.java:21)
at library.Spicetest.tocity(Spicetest.java:21)
at library.Spicetest.tocity(Spicetest.java:21)
at library.Spicetest.tocity(Spicetest.java:21)
at library.Spicetest.tocity(Spicetest.java:21)
at library.Spicetest.tocity(Spicetest.java:21)
at library.Spicetest.tocity(Spicetest.java:21)
at library.Spicetest.tocity(Spicetest.java:21)
at library.Spicetest.tocity(Spicetest.java:21)
at library.Spicetest.tocity(Spicetest.java:21)
at library.Spicetest.tocity(Spicetest.java:21)
at library.Spicetest.tocity(Spicetest.java:21)
at library.Spicetest.tocity(Spicetest.java:21)
at library.Spicetest.tocity(Spicetest.java:21)
at library.Spicetest.tocity(Spicetest.java:21)
at library.Spicetest.tocity(Spicetest.java:21)
at library.Spicetest.tocity(Spicetest.java:21)
at library.Spicetest.tocity(Spicetest.java:21)
at library.Spicetest.tocity(Spicetest.java:21)
at library.Spicetest.tocity(Spicetest.java:21)
at library.Spicetest.tocity(Spicetest.java:21)
at library.Spicetest.tocity(Spicetest.java:21)
at library.Spicetest.tocity(Spicetest.java:21)
at library.Spicetest.tocity(Spicetest.java:21)
at library.Spicetest.tocity(Spicetest.java:21)
at library.Spicetest.tocity(Spicetest.java:21)
at library.Spicetest.tocity(Spicetest.java:21)
at library.Spicetest.tocity(Spicetest.java:21)
at library.Spicetest.tocity(Spicetest.java:21)
at library.Spicetest.tocity(Spicetest.java:21)
at library.Spicetest.tocity(Spicetest.java:21)
at library.Spicetest.tocity(Spicetest.java:21)
at library.Spicetest.tocity(Spicetest.java:21)
at library.Spicetest.tocity(Spicetest.java:21)
at library.Spicetest.tocity(Spicetest.java:21)
at library.Spicetest.tocity(Spicetest.java:21)
at library.Spicetest.tocity(Spicetest.java:21)
at library.Spicetest.tocity(Spicetest.java:21)
at library.Spicetest.tocity(Spicetest.java:21)
at library.Spicetest.tocity(Spicetest.java:21)
at library.Spicetest.tocity(Spicetest.java:21)
at library.Spicetest.tocity(Spicetest.java:21)
at library.Spicetest.tocity(Spicetest.java:21)
at library.Spicetest.tocity(Spicetest.java:21)
at library.Spicetest.tocity(Spicetest.java:21)
at library.Spicetest.tocity(Spicetest.java:21)
at library.Spicetest.tocity(Spicetest.java:21)
at library.Spicetest.tocity(Spicetest.java:21)
at library.Spicetest.tocity(Spicetest.java:21)
at library.Spicetest.tocity(Spicetest.java:21)
at library.Spicetest.tocity(Spicetest.java:21)
at library.Spicetest.tocity(Spicetest.java:21)
at library.Spicetest.tocity(Spicetest.java:21)
at library.Spicetest.tocity(Spicetest.java:21)
at library.Spicetest.tocity(Spicetest.java:21)
at library.Spicetest.tocity(Spicetest.java:21)
at library.Spicetest.tocity(Spicetest.java:21)
at library.Spicetest.tocity(Spicetest.java:21)
at library.Spicetest.tocity(Spicetest.java:21)
at library.Spicetest.tocity(Spicetest.java:21)
at library.Spicetest.tocity(Spicetest.java:21)
at library.Spicetest.tocity(Spicetest.java:21)
at library.Spicetest.tocity(Spicetest.java:21)
at library.Spicetest.tocity(Spicetest.java:21)
at library.Spicetest.tocity(Spicetest.java:21)
at library.Spicetest.tocity(Spicetest.java:21)
at library.Spicetest.tocity(Spicetest.java:21)
at library.Spicetest.tocity(Spicetest.java:21)
at library.Spicetest.tocity(Spicetest.java:21)
at library.Spicetest.tocity(Spicetest.java:21)
at library.Spicetest.tocity(Spicetest.java:21)
at library.Spicetest.tocity(Spicetest.java:21)
at library.Spicetest.tocity(Spicetest.java:21)
at library.Spicetest.tocity(Spicetest.java:21)
at library.Spicetest.tocity(Spicetest.java:21)
at library.Spicetest.tocity(Spicetest.java:21)
at library.Spicetest.tocity(Spicetest.java:21)
at library.Spicetest.tocity(Spicetest.java:21)
at library.Spicetest.tocity(Spicetest.java:21)
at library.Spicetest.tocity(Spicetest.java:21)
at library.Spicetest.tocity(Spicetest.java:21)
at library.Spicetest.tocity(Spicetest.java:21)
at library.Spicetest.tocity(Spicetest.java:21)
at library.Spicetest.tocity(Spicetest.java:21)
at library.Spicetest.tocity(Spicetest.java:21)
at library.Spicetest.tocity(Spicetest.java:21)
at library.Spicetest.tocity(Spicetest.java:21)
at library.Spicetest.tocity(Spicetest.java:21)
at library.Spicetest.tocity(Spicetest.java:21)
at library.Spicetest.tocity(Spicetest.java:21)
at library.Spicetest.tocity(Spicetest.java:21)
at library.Spicetest.tocity(Spicetest.java:21)
at library.Spicetest.tocity(Spicetest.java:21)
at library.Spicetest.tocity(Spicetest.java:21)
at library.Spicetest.tocity(Spicetest.java:21)
at library.Spicetest.tocity(Spicetest.java:21)
at library.Spicetest.tocity(Spicetest.java:21)
at library.Spicetest.tocity(Spicetest.java:21)
at library.Spicetest.tocity(Spicetest.java:21)
at library.Spicetest.tocity(Spicetest.java:21)
at library.Spicetest.tocity(Spicetest.java:21)
at library.Spicetest.tocity(Spicetest.java:21)
at library.Spicetest.tocity(Spicetest.java:21)
at library.Spicetest.tocity(Spicetest.java:21)
at library.Spicetest.tocity(Spicetest.java:21)
at library.Spicetest.tocity(Spicetest.java:21)
at library.Spicetest.tocity(Spicetest.java:21)
at library.Spicetest.tocity(Spicetest.java:21)
at library.Spicetest.tocity(Spicetest.java:21)
at library.Spicetest.tocity(Spicetest.java:21)
at library.Spicetest.tocity(Spicetest.java:21)
at library.Spicetest.tocity(Spicetest.java:21)
at library.Spicetest.tocity(Spicetest.java:21)
at library.Spicetest.tocity(Spicetest.java:21)
at library.Spicetest.tocity(Spicetest.java:21)
at library.Spicetest.tocity(Spicetest.java:21)
at library.Spicetest.tocity(Spicetest.java:21)
at library.Spicetest.tocity(Spicetest.java:21)
at library.Spicetest.tocity(Spicetest.java:21)
at library.Spicetest.tocity(Spicetest.java:21)
at library.Spicetest.tocity(Spicetest.java:21)
at library.Spicetest.tocity(Spicetest.java:21)
at library.Spicetest.tocity(Spicetest.java:21)
at library.Spicetest.tocity(Spicetest.java:21)
at library.Spicetest.tocity(Spicetest.java:21)
at library.Spicetest.tocity(Spicetest.java:21)
at library.Spicetest.tocity(Spicetest.java:21)
at library.Spicetest.tocity(Spicetest.java:21)
at library.Spicetest.tocity(Spicetest.java:21)
at library.Spicetest.tocity(Spicetest.java:21)
at library.Spicetest.tocity(Spicetest.java:21)
at library.Spicetest.tocity(Spicetest.java:21)
at library.Spicetest.tocity(Spicetest.java:21)
at library.Spicetest.tocity(Spicetest.java:21)
at library.Spicetest.tocity(Spicetest.java:21)
at library.Spicetest.tocity(Spicetest.java:21)
at library.Spicetest.tocity(Spicetest.java:21)
at library.Spicetest.tocity(Spicetest.java:21)
at library.Spicetest.tocity(Spicetest.java:21)
at library.Spicetest.tocity(Spicetest.java:21)
at library.Spicetest.tocity(Spicetest.java:21)
at library.Spicetest.tocity(Spicetest.java:21)
at library.Spicetest.tocity(Spicetest.java:21)
at library.Spicetest.tocity(Spicetest.java:21)
at library.Spicetest.tocity(Spicetest.java:21)
at library.Spicetest.tocity(Spicetest.java:21)
at library.Spicetest.tocity(Spicetest.java:21)
at library.Spicetest.tocity(Spicetest.java:21)
at library.Spicetest.tocity(Spicetest.java:21)
at library.Spicetest.tocity(Spicetest.java:21)
at library.Spicetest.tocity(Spicetest.java:21)
at library.Spicetest.tocity(Spicetest.java:21)
at library.Spicetest.tocity(Spicetest.java:21)
at library.Spicetest.tocity(Spicetest.java:21)
at library.Spicetest.tocity(Spicetest.java:21)
at library.Spicetest.tocity(Spicetest.java:21)
at library.Spicetest.tocity(Spicetest.java:21)
at library.Spicetest.tocity(Spicetest.java:21)
at library.Spicetest.tocity(Spicetest.java:21)
at library.Spicetest.tocity(Spicetest.java:21)
at library.Spicetest.tocity(Spicetest.java:21)
at library.Spicetest.tocity(Spicetest.java:21)
at library.Spicetest.tocity(Spicetest.java:21)
at library.Spicetest.tocity(Spicetest.java:21)
at library.Spicetest.tocity(Spicetest.java:21)
at library.Spicetest.tocity(Spicetest.java:21)
at library.Spicetest.tocity(Spicetest.java:21)
at library.Spicetest.tocity(Spicetest.java:21)
at library.Spicetest.tocity(Spicetest.java:21)
at library.Spicetest.tocity(Spicetest.java:21)
at library.Spicetest.tocity(Spicetest.java:21)
at library.Spicetest.tocity(Spicetest.java:21)
at library.Spicetest.tocity(Spicetest.java:21)
at library.Spicetest.tocity(Spicetest.java:21)
at library.Spicetest.tocity(Spicetest.java:21)
at library.Spicetest.tocity(Spicetest.java:21)
at library.Spicetest.tocity(Spicetest.java:21)
at library.Spicetest.tocity(Spicetest.java:21)
at library.Spicetest.tocity(Spicetest.java:21)
at library.Spicetest.tocity(Spicetest.java:21)
at library.Spicetest.tocity(Spicetest.java:21)
at library.Spicetest.tocity(Spicetest.java:21)
at library.Spicetest.tocity(Spicetest.java:21)
at library.Spicetest.tocity(Spicetest.java:21)
at library.Spicetest.tocity(Spicetest.java:21)
at library.Spicetest.tocity(Spicetest.java:21)
at library.Spicetest.tocity(Spicetest.java:21)
at library.Spicetest.tocity(Spicetest.java:21)
at library.Spicetest.tocity(Spicetest.java:21)
at library.Spicetest.tocity(Spicetest.java:21)
at library.Spicetest.tocity(Spicetest.java:21)
at library.Spicetest.tocity(Spicetest.java:21)
at library.Spicetest.tocity(Spicetest.java:21)
at library.Spicetest.tocity(Spicetest.java:21)
at library.Spicetest.tocity(Spicetest.java:21)
at library.Spicetest.tocity(Spicetest.java:21)
at library.Spicetest.tocity(Spicetest.java:21)
at library.Spicetest.tocity(Spicetest.java:21)
at library.Spicetest.tocity(Spicetest.java:21)
at library.Spicetest.tocity(Spicetest.java:21)
at library.Spicetest.tocity(Spicetest.java:21)
at library.Spicetest.tocity(Spicetest.java:21)
at library.Spicetest.tocity(Spicetest.java:21)
at library.Spicetest.tocity(Spicetest.java:21)
at library.Spicetest.tocity(Spicetest.java:21)
at library.Spicetest.tocity(Spicetest.java:21)
at library.Spicetest.tocity(Spicetest.java:21)
at library.Spicetest.tocity(Spicetest.java:21)
at library.Spicetest.tocity(Spicetest.java:21)
at library.Spicetest.tocity(Spicetest.java:21)
at library.Spicetest.tocity(Spicetest.java:21)
at library.Spicetest.tocity(Spicetest.java:21)
at library.Spicetest.tocity(Spicetest.java:21)
at library.Spicetest.tocity(Spicetest.java:21)
at library.Spicetest.tocity(Spicetest.java:21)
at library.Spicetest.tocity(Spicetest.java:21)
at library.Spicetest.tocity(Spicetest.java:21)
at library.Spicetest.tocity(Spicetest.java:21)
at library.Spicetest.tocity(Spicetest.java:21)
at library.Spicetest.tocity(Spicetest.java:21)
at library.Spicetest.tocity(Spicetest.java:21)
at library.Spicetest.tocity(Spicetest.java:21)
at library.Spicetest.tocity(Spicetest.java:21)
at library.Spicetest.tocity(Spicetest.java:21)
at library.Spicetest.tocity(Spicetest.java:21)
at library.Spicetest.tocity(Spicetest.java:21)
at library.Spicetest.tocity(Spicetest.java:21)
at library.Spicetest.tocity(Spicetest.java:21)
at library.Spicetest.tocity(Spicetest.java:21)
at library.Spicetest.tocity(Spicetest.java:21)
at library.Spicetest.tocity(Spicetest.java:21)
at library.Spicetest.tocity(Spicetest.java:21)
at library.Spicetest.tocity(Spicetest.java:21)
at library.Spicetest.tocity(Spicetest.java:21)
at library.Spicetest.tocity(Spicetest.java:21)
at library.Spicetest.tocity(Spicetest.java:21)
at library.Spicetest.tocity(Spicetest.java:21)
at library.Spicetest.tocity(Spicetest.java:21)
at library.Spicetest.tocity(Spicetest.java:21)
at library.Spicetest.tocity(Spicetest.java:21)
at library.Spicetest.tocity(Spicetest.java:21)
at library.Spicetest.tocity(Spicetest.java:21)
at library.Spicetest.tocity(Spicetest.java:21)
at library.Spicetest.tocity(Spicetest.java:21)
at library.Spicetest.tocity(Spicetest.java:21)
at library.Spicetest.tocity(Spicetest.java:21)
at library.Spicetest.tocity(Spicetest.java:21)
at library.Spicetest.tocity(Spicetest.java:21)
at library.Spicetest.tocity(Spicetest.java:21)
at library.Spicetest.tocity(Spicetest.java:21)
at library.Spicetest.tocity(Spicetest.java:21)
at library.Spicetest.tocity(Spicetest.java:21)
at library.Spicetest.tocity(Spicetest.java:21)
at library.Spicetest.tocity(Spicetest.java:21)
at library.Spicetest.tocity(Spicetest.java:21)
at library.Spicetest.tocity(Spicetest.java:21)
at library.Spicetest.tocity(Spicetest.java:21)
at library.Spicetest.tocity(Spicetest.java:21)
at library.Spicetest.tocity(Spicetest.java:21)
at library.Spicetest.tocity(Spicetest.java:21)
at library.Spicetest.tocity(Spicetest.java:21)
at library.Spicetest.tocity(Spicetest.java:21)
at library.Spicetest.tocity(Spicetest.java:21)
at library.Spicetest.tocity(Spicetest.java:21)
at library.Spicetest.tocity(Spicetest.java:21)
at library.Spicetest.tocity(Spicetest.java:21)
at library.Spicetest.tocity(Spicetest.java:21)
at library.Spicetest.tocity(Spicetest.java:21)
at library.Spicetest.tocity(Spicetest.java:21)
at library.Spicetest.tocity(Spicetest.java:21)
at library.Spicetest.tocity(Spicetest.java:21)
at library.Spicetest.tocity(Spicetest.java:21)
at library.Spicetest.tocity(Spicetest.java:21)
at library.Spicetest.tocity(Spicetest.java:21)
at library.Spicetest.tocity(Spicetest.java:21)
at library.Spicetest.tocity(Spicetest.java:21)
at library.Spicetest.tocity(Spicetest.java:21)
at library.Spicetest.tocity(Spicetest.java:21)
at library.Spicetest.tocity(Spicetest.java:21)
at library.Spicetest.tocity(Spicetest.java:21)
at library.Spicetest.tocity(Spicetest.java:21)
at library.Spicetest.tocity(Spicetest.java:21)
at library.Spicetest.tocity(Spicetest.java:21)
at library.Spicetest.tocity(Spicetest.java:21)
at library.Spicetest.tocity(Spicetest.java:21)
at library.Spicetest.tocity(Spicetest.java:21)
at library.Spicetest.tocity(Spicetest.java:21)
at library.Spicetest.tocity(Spicetest.java:21)
at library.Spicetest.tocity(Spicetest.java:21)
at library.Spicetest.tocity(Spicetest.java:21)
at library.Spicetest.tocity(Spicetest.java:21)
at library.Spicetest.tocity(Spicetest.java:21)
at library.Spicetest.tocity(Spicetest.java:21)
at library.Spicetest.tocity(Spicetest.java:21)
at library.Spicetest.tocity(Spicetest.java:21)
at library.Spicetest.tocity(Spicetest.java:21)
at library.Spicetest.tocity(Spicetest.java:21)
at library.Spicetest.tocity(Spicetest.java:21)
at library.Spicetest.tocity(Spicetest.java:21)
at library.Spicetest.tocity(Spicetest.java:21)
at library.Spicetest.tocity(Spicetest.java:21)
at library.Spicetest.tocity(Spicetest.java:21)
at library.Spicetest.tocity(Spicetest.java:21)
at library.Spicetest.tocity(Spicetest.java:21)
at library.Spicetest.tocity(Spicetest.java:21)
at library.Spicetest.tocity(Spicetest.java:21)
at library.Spicetest.tocity(Spicetest.java:21)
at library.Spicetest.tocity(Spicetest.java:21)
at library.Spicetest.tocity(Spicetest.java:21)
at library.Spicetest.tocity(Spicetest.java:21)
at library.Spicetest.tocity(Spicetest.java:21)
at library.Spicetest.tocity(Spicetest.java:21)
at library.Spicetest.tocity(Spicetest.java:21)
at library.Spicetest.tocity(Spicetest.java:21)
at library.Spicetest.tocity(Spicetest.java:21)
at library.Spicetest.tocity(Spicetest.java:21)
at library.Spicetest.tocity(Spicetest.java:21)
at library.Spicetest.tocity(Spicetest.java:21)
at library.Spicetest.tocity(Spicetest.java:21)
at library.Spicetest.tocity(Spicetest.java:21)
at library.Spicetest.tocity(Spicetest.java:21)
at library.Spicetest.tocity(Spicetest.java:21)
at library.Spicetest.tocity(Spicetest.java:21)
at library.Spicetest.tocity(Spicetest.java:21)
at library.Spicetest.tocity(Spicetest.java:21)
at library.Spicetest.tocity(Spicetest.java:21)
at library.Spicetest.tocity(Spicetest.java:21)
at library.Spicetest.tocity(Spicetest.java:21)
at library.Spicetest.tocity(Spicetest.java:21)
at library.Spicetest.tocity(Spicetest.java:21)
at library.Spicetest.tocity(Spicetest.java:21)
]]>
    </error>
  </testcase> <!-- tocity -->
  <system-out/>
  <testcase classname="library.Spicetest" name="submit">
    <skipped/>
  </testcase> <!-- submit -->
  <system-out/>
  <testcase classname="library.Spicetest" name="todate">
    <skipped/>
  </testcase> <!-- todate -->
  <system-out/>
  <testcase classname="library.Spicetest" name="formdate">
    <skipped/>
  </testcase> <!-- formdate -->
  <system-out/>
</testsuite> <!-- library.Spicetest -->
