<?xml version="1.0" encoding="UTF-8"?>
<!-- Generated by org.testng.reporters.JUnitReportReporter -->
<testsuite hostname="DESKTOP-0MUFT6L" failures="0" tests="2" name="pagetest.userregandlogin" time="0.576" errors="0" timestamp="2022-03-29T11:53:20 IST" skipped="0">
  <testcase classname="pagetest.userregandlogin" name="clickwithgoogle" time="0.434"/>
  <system-out/>
  <testcase classname="pagetest.userregandlogin" name="clicklogin" time="0.142"/>
  <system-out/>
</testsuite> <!-- pagetest.userregandlogin -->
