<?xml version="1.0" encoding="UTF-8"?>
<!-- Generated by org.testng.reporters.JUnitReportReporter -->
<testsuite hostname="DESKTOP-0MUFT6L" failures="0" tests="2" name="collection.Collectionframework" time="0.007" errors="0" timestamp="2022-02-13T22:18:36 IST" skipped="0">
  <testcase classname="collection.Collectionframework" name="LoginTest" time="0.006"/>
  <system-out/>
  <testcase classname="collection.Collectionframework" name="LoginTest" time="0.001"/>
  <system-out/>
</testsuite> <!-- collection.Collectionframework -->
