<?xml version="1.0" encoding="UTF-8"?>
<!-- Generated by org.testng.reporters.JUnitReportReporter -->
<testsuite hostname="JayeshPatle" failures="0" tests="1" name="RunnerClasses.UserRunner" time="0.103" errors="0" timestamp="2023-06-03T14:02:47 IST" skipped="0">
  <testcase classname="RunnerClasses.UserRunner" name="runScenario" time="0.103"/>
  <system-out/>
</testsuite> <!-- RunnerClasses.UserRunner -->
