<?xml version="1.0" encoding="UTF-8"?>
<!-- Generated by org.testng.reporters.JUnitReportReporter -->
<testsuite hostname="DESKTOP-0MUFT6L" failures="0" tests="1" name="myproject.Form" time="42.026" errors="0" timestamp="2022-03-03T12:42:20 IST" skipped="0">
  <testcase classname="myproject.Form" name="openurl" time="42.026"/>
  <system-out/>
</testsuite> <!-- myproject.Form -->
