<?xml version="1.0" encoding="UTF-8"?>
<!-- Generated by org.testng.reporters.JUnitReportReporter -->
<testsuite hostname="DESKTOP-0MUFT6L" failures="0" tests="1" name="parabanktestcases.UserRegistrationTest" time="2.928" errors="0" timestamp="2022-06-26T00:45:10 IST" skipped="0">
  <testcase classname="parabanktestcases.UserRegistrationTest" name="userregTest" time="2.928"/>
  <system-out/>
</testsuite> <!-- parabanktestcases.UserRegistrationTest -->
