<?xml version="1.0" encoding="UTF-8"?>
<!-- Generated by org.testng.reporters.JUnitReportReporter -->
<testsuite hostname="DESKTOP-0MUFT6L" failures="0" tests="1" name="parabanktestcases.ForgotLoginInfoTest" time="4.608" errors="0" timestamp="2022-06-26T01:21:13 IST" skipped="0">
  <testcase classname="parabanktestcases.ForgotLoginInfoTest" name="getLoginInfo" time="4.608"/>
  <system-out/>
</testsuite> <!-- parabanktestcases.ForgotLoginInfoTest -->
