<?xml version="1.0" encoding="UTF-8"?>
<!-- Generated by org.testng.reporters.JUnitReportReporter -->
<testsuite hostname="DESKTOP-0MUFT6L" failures="0" tests="1" name="parabanktestcases.CheckAllLinksLoginPageTest" time="25.735" errors="0" timestamp="2022-07-09T14:25:53 IST" skipped="0">
  <testcase classname="parabanktestcases.CheckAllLinksLoginPageTest" name="checkAlllinks" time="25.735"/>
  <system-out/>
</testsuite> <!-- parabanktestcases.CheckAllLinksLoginPageTest -->
