<?xml version="1.0" encoding="UTF-8"?>
<!-- Generated by org.testng.reporters.JUnitReportReporter -->
<testsuite hostname="DESKTOP-0MUFT6L" failures="0" tests="5" name="parabanktestcases.TestClass" time="0.014" errors="0" timestamp="2022-05-31T15:14:59 IST" skipped="0">
  <testcase classname="parabanktestcases.TestClass" name="method4" time="0.001"/>
  <system-out/>
  <testcase classname="parabanktestcases.TestClass" name="method1" time="0.009"/>
  <system-out/>
  <testcase classname="parabanktestcases.TestClass" name="method5" time="0.001"/>
  <system-out/>
  <testcase classname="parabanktestcases.TestClass" name="method2" time="0.003"/>
  <system-out/>
  <testcase classname="parabanktestcases.TestClass" name="method3" time="0.000"/>
  <system-out/>
</testsuite> <!-- parabanktestcases.TestClass -->
