<?xml version="1.0" encoding="UTF-8"?>
<!-- Generated by org.testng.reporters.JUnitReportReporter -->
<testsuite hostname="DESKTOP-0MUFT6L" failures="0" tests="2" name="parabanktestcases.UserLoginTest" time="2.048" errors="0" timestamp="2022-06-22T18:25:42 IST" skipped="1">
  <testcase classname="parabanktestcases.UserLoginTest" name="loginTest" time="2.048"/>
  <system-out/>
  <testcase classname="parabanktestcases.UserLoginTest" name="logout">
    <skipped/>
  </testcase> <!-- logout -->
  <system-out/>
</testsuite> <!-- parabanktestcases.UserLoginTest -->
