<?xml version="1.0" encoding="UTF-8"?>
<!-- Generated by org.testng.reporters.JUnitReportReporter -->
<testsuite hostname="DESKTOP-0MUFT6L" failures="0" tests="1" name="testrunner.searchflights" time="8.001" errors="0" timestamp="2022-12-16T22:41:35 IST" skipped="0">
  <testcase classname="testrunner.searchflights" name="runScenario" time="8.001"/>
  <system-out/>
</testsuite> <!-- testrunner.searchflights -->
