<?xml version="1.0" encoding="UTF-8"?>
<!-- Generated by org.testng.reporters.JUnitReportReporter -->
<testsuite hostname="JayeshPatle" failures="0" tests="3" name="testrunner.Login_with_DataTable" time="0.310" errors="0" timestamp="2023-03-06T12:42:19 IST" skipped="0">
  <testcase classname="testrunner.Login_with_DataTable" name="runScenario" time="0.040"/>
  <system-out/>
  <testcase classname="testrunner.Login_with_DataTable" name="runScenario" time="0.236"/>
  <system-out/>
  <testcase classname="testrunner.Login_with_DataTable" name="runScenario" time="0.034"/>
  <system-out/>
</testsuite> <!-- testrunner.Login_with_DataTable -->
