<?xml version="1.0" encoding="UTF-8"?>
<!-- Generated by org.testng.reporters.JUnitReportReporter -->
<testsuite hostname="DESKTOP-0MUFT6L" failures="0" tests="1" name="com.Ecommerce.UserLogin" time="0.010" errors="0" timestamp="2022-08-18T10:46:51 IST" skipped="0">
  <testcase classname="com.Ecommerce.UserLogin" name="userLogin" time="0.010"/>
  <system-out/>
</testsuite> <!-- com.Ecommerce.UserLogin -->
