<?xml version="1.0" encoding="UTF-8"?>
<!-- Generated by org.testng.reporters.JUnitReportReporter -->
<testsuite hostname="DESKTOP-0MUFT6L" failures="0" tests="2" name="BaseClasses.Baseclass" time="5.463" errors="0" timestamp="2022-07-29T16:35:24 IST" skipped="0">
  <testcase classname="BaseClasses.Baseclass" name="initialization" time="5.197"/>
  <system-out/>
  <testcase classname="BaseClasses.Baseclass" name="closebrowser" time="0.266"/>
  <system-out/>
</testsuite> <!-- BaseClasses.Baseclass -->
