<?xml version="1.0" encoding="UTF-8"?>
<!-- Generated by org.testng.reporters.JUnitReportReporter -->
<testsuite hostname="JayeshPatle" failures="0" tests="4" name="dependenciesInTestng.GroupDependency2" time="0.015" errors="0" timestamp="2023-02-27T16:27:29 IST" skipped="0">
  <testcase classname="dependenciesInTestng.GroupDependency2" name="LogIn" time="0.002"/>
  <system-out/>
  <testcase classname="dependenciesInTestng.GroupDependency2" name="CloseAccount" time="0.001"/>
  <system-out/>
  <testcase classname="dependenciesInTestng.GroupDependency2" name="OpenBrowser" time="0.008"/>
  <system-out/>
  <testcase classname="dependenciesInTestng.GroupDependency2" name="ViewAcc" time="0.004"/>
  <system-out/>
</testsuite> <!-- dependenciesInTestng.GroupDependency2 -->
