<?xml version="1.0" encoding="UTF-8"?>
<!-- Generated by org.testng.reporters.JUnitReportReporter -->
<testsuite hostname="JayeshPatle" failures="0" tests="2" name="Mainproject.simpleproject.Testclass" time="0.016" errors="0" timestamp="2023-02-14T16:31:38 IST" skipped="0">
  <testcase classname="Mainproject.simpleproject.Testclass" name="test1" time="0.013"/>
  <system-out/>
  <testcase classname="Mainproject.simpleproject.Testclass" name="test1" time="0.003"/>
  <system-out/>
</testsuite> <!-- Mainproject.simpleproject.Testclass -->
