<?xml version="1.0" encoding="UTF-8"?>
<!-- Generated by org.testng.reporters.JUnitReportReporter -->
<testsuite hostname="DESKTOP-0MUFT6L" failures="0" tests="4" name="Mainproject.simpleproject.ZTestng2" time="0.003" errors="0" timestamp="2022-10-05T15:44:50 IST" skipped="0">
  <testcase classname="Mainproject.simpleproject.ZTestng2" name="Method2" time="0.001"/>
  <system-out/>
  <testcase classname="Mainproject.simpleproject.ZTestng2" name="Zmethod4" time="0.001"/>
  <system-out/>
  <testcase classname="Mainproject.simpleproject.ZTestng2" name="Method1" time="0.001"/>
  <system-out/>
  <testcase classname="Mainproject.simpleproject.ZTestng2" name="Method3" time="0.000"/>
  <system-out/>
</testsuite> <!-- Mainproject.simpleproject.ZTestng2 -->
