<?xml version="1.0" encoding="UTF-8"?>
<!-- Generated by org.testng.reporters.JUnitReportReporter -->
<testsuite hostname="DESKTOP-0MUFT6L" failures="0" tests="1" name="Mainproject.simpleproject.Cat" time="0.009" errors="0" timestamp="2022-10-09T21:58:59 IST" skipped="0">
  <testcase classname="Mainproject.simpleproject.Cat" name="main" time="0.009"/>
  <system-out/>
</testsuite> <!-- Mainproject.simpleproject.Cat -->
