<?xml version="1.0" encoding="UTF-8"?>
<!-- Generated by org.testng.reporters.JUnitReportReporter -->
<testsuite hostname="JayeshPatle" failures="0" tests="2" name="SeleniumPractice.DataProviderwithdiffclass" time="0.009" errors="0" timestamp="2023-02-21T12:06:01 IST" skipped="0">
  <testcase classname="SeleniumPractice.DataProviderwithdiffclass" name="method1" time="0.008"/>
  <system-out/>
  <testcase classname="SeleniumPractice.DataProviderwithdiffclass" name="method1" time="0.001"/>
  <system-out/>
</testsuite> <!-- SeleniumPractice.DataProviderwithdiffclass -->
