<?xml version="1.0" encoding="UTF-8"?>
<!-- Generated by org.testng.reporters.JUnitReportReporter -->
<testsuite hostname="JayeshPatle" failures="0" tests="3" name="dependenciesInTestng.GroupDependency1" time="0.018" errors="0" timestamp="2023-02-21T12:43:35 IST" skipped="0">
  <testcase classname="dependenciesInTestng.GroupDependency1" name="LogIn" time="0.015"/>
  <system-out/>
  <testcase classname="dependenciesInTestng.GroupDependency1" name="ViewAcc" time="0.001"/>
  <system-out/>
  <testcase classname="dependenciesInTestng.GroupDependency1" name="OpenBrowser" time="0.002"/>
  <system-out/>
</testsuite> <!-- dependenciesInTestng.GroupDependency1 -->
