<?xml version="1.0" encoding="UTF-8"?>
<!-- Generated by org.testng.reporters.JUnitReportReporter -->
<testsuite hostname="DESKTOP-0MUFT6L" failures="0" tests="3" name="Mainproject.simpleproject.Xlfile" time="27.176" errors="0" timestamp="2022-04-05T17:56:54 IST" skipped="0">
  <testcase classname="Mainproject.simpleproject.Xlfile" name="softAssert" time="10.242"/>
  <system-out/>
  <testcase classname="Mainproject.simpleproject.Xlfile" name="softAssert" time="12.083"/>
  <system-out/>
  <testcase classname="Mainproject.simpleproject.Xlfile" name="hardAssert" time="4.851"/>
  <system-out/>
</testsuite> <!-- Mainproject.simpleproject.Xlfile -->
