<?xml version="1.0" encoding="UTF-8"?>
<!-- Generated by org.testng.reporters.JUnitReportReporter -->
<testsuite hostname="DESKTOP-0MUFT6L" failures="0" tests="2" name="Generic_methods.Crossbrowser" time="23.972" errors="0" timestamp="2022-06-06T15:42:07 IST" skipped="0">
  <testcase classname="Generic_methods.Crossbrowser" name="openBrowser" time="12.599"/>
  <system-out/>
  <testcase classname="Generic_methods.Crossbrowser" name="openBrowser" time="11.373"/>
  <system-out/>
</testsuite> <!-- Generic_methods.Crossbrowser -->
