<?xml version="1.0" encoding="UTF-8"?>
<!-- Generated by org.testng.reporters.JUnitReportReporter -->
<testsuite hostname="DESKTOP-0MUFT6L" failures="0" tests="1" name="Mainproject.simpleproject.Csvreader" time="0.007" errors="0" timestamp="2022-03-07T16:58:20 IST" skipped="0">
  <testcase classname="Mainproject.simpleproject.Csvreader" name="testNGAsserts" time="0.007"/>
  <system-out/>
</testsuite> <!-- Mainproject.simpleproject.Csvreader -->
