<?xml version="1.0" encoding="UTF-8"?>
<!-- Generated by org.testng.reporters.JUnitReportReporter -->
<testsuite hostname="DESKTOP-0MUFT6L" failures="0" tests="1" name="Generic_methods.DataProviderTest" time="0.000" errors="0" timestamp="2022-06-07T18:07:53 IST" skipped="1">
  <testcase classname="Generic_methods.DataProviderTest" name="test" time="0.000">
    <skipped/>
  </testcase> <!-- test -->
  <system-out/>
</testsuite> <!-- Generic_methods.DataProviderTest -->
