<?xml version="1.0" encoding="UTF-8"?>
<!-- Generated by org.testng.reporters.JUnitReportReporter -->
<testsuite hostname="JayeshPatle" failures="0" tests="2" name="testngDataproviders.DataProviderwithdiffclass" time="0.008" errors="0" timestamp="2023-02-21T11:57:42 IST" skipped="0">
  <testcase classname="testngDataproviders.DataProviderwithdiffclass" name="method1" time="0.007"/>
  <system-out/>
  <testcase classname="testngDataproviders.DataProviderwithdiffclass" name="method1" time="0.001"/>
  <system-out/>
</testsuite> <!-- testngDataproviders.DataProviderwithdiffclass -->
