<?xml version="1.0" encoding="UTF-8"?>
<!-- Generated by org.testng.reporters.JUnitReportReporter -->
<testsuite hostname="DESKTOP-0MUFT6L" failures="0" tests="1" name="Mainproject.simpleproject.Mylist" time="0.010" errors="0" timestamp="2022-04-15T14:46:32 IST" skipped="0">
  <testcase classname="Mainproject.simpleproject.Mylist" name="size1" time="0.010"/>
  <system-out/>
</testsuite> <!-- Mainproject.simpleproject.Mylist -->
