<?xml version="1.0" encoding="UTF-8"?>
<!-- Generated by org.testng.reporters.JUnitReportReporter -->
<testsuite hostname="DESKTOP-0MUFT6L" failures="0" tests="4" name="Mainproject.simpleproject.Testng2" time="0.012" errors="0" timestamp="2022-10-05T15:43:32 IST" skipped="0">
  <testcase classname="Mainproject.simpleproject.Testng2" name="Method3" time="0.001"/>
  <system-out/>
  <testcase classname="Mainproject.simpleproject.Testng2" name="Method1" time="0.009"/>
  <system-out/>
  <testcase classname="Mainproject.simpleproject.Testng2" name="Zmethod4" time="0.001"/>
  <system-out/>
  <testcase classname="Mainproject.simpleproject.Testng2" name="Method2" time="0.001"/>
  <system-out/>
</testsuite> <!-- Mainproject.simpleproject.Testng2 -->
