<?xml version="1.0" encoding="UTF-8"?>
<!-- Generated by org.testng.reporters.JUnitReportReporter -->
<testsuite hostname="JayeshPatle" failures="0" tests="3" name="Generic_methods.Testclass2" time="0.007" errors="0" timestamp="2023-02-27T16:39:07 IST" skipped="0">
  <testcase classname="Generic_methods.Testclass2" name="method1" time="0.002"/>
  <system-out/>
  <testcase classname="Generic_methods.Testclass2" name="method3" time="0.003"/>
  <system-out/>
  <testcase classname="Generic_methods.Testclass2" name="method2" time="0.002"/>
  <system-out/>
</testsuite> <!-- Generic_methods.Testclass2 -->
