<?xml version="1.0" encoding="UTF-8"?>
<!-- Generated by org.testng.reporters.JUnitReportReporter -->
<testsuite hostname="JayeshPatle" failures="0" tests="3" name="dependenciesInTestng.Dep$DependsOnTest" time="0.047" errors="0" timestamp="2023-02-20T15:44:14 IST" skipped="0">
  <testcase classname="dependenciesInTestng.Dep$DependsOnTest" name="LogOut" time="0.004"/>
  <system-out/>
  <testcase classname="dependenciesInTestng.Dep$DependsOnTest" name="OpenBrowser" time="0.037"/>
  <system-out/>
  <testcase classname="dependenciesInTestng.Dep$DependsOnTest" name="SignIn" time="0.006"/>
  <system-out/>
</testsuite> <!-- dependenciesInTestng.Dep$DependsOnTest -->
