<?xml version="1.0" encoding="UTF-8"?>
<!-- Generated by org.testng.reporters.JUnitReportReporter -->
<testsuite hostname="JayeshPatle" failures="0" tests="5" name="sqldataBase.RetrivingDataBase" time="0.017" errors="0" timestamp="2023-03-01T08:55:03 IST" skipped="0">
  <testcase classname="sqldataBase.RetrivingDataBase" name="getData" time="0.009"/>
  <system-out/>
  <testcase classname="sqldataBase.RetrivingDataBase" name="getData" time="0.004"/>
  <system-out/>
  <testcase classname="sqldataBase.RetrivingDataBase" name="getData" time="0.001"/>
  <system-out/>
  <testcase classname="sqldataBase.RetrivingDataBase" name="getData" time="0.002"/>
  <system-out/>
  <testcase classname="sqldataBase.RetrivingDataBase" name="getData" time="0.001"/>
  <system-out/>
</testsuite> <!-- sqldataBase.RetrivingDataBase -->
