<?xml version="1.0" encoding="UTF-8"?>
<!-- Generated by org.testng.reporters.JUnitReportReporter -->
<testsuite hostname="JayeshPatle" failures="0" tests="3" name="dependenciesInTestng.DependsOnTest" time="0.009" errors="0" timestamp="2023-02-21T12:33:52 IST" skipped="0">
  <testcase classname="dependenciesInTestng.DependsOnTest" name="LogOut" time="0.001"/>
  <system-out/>
  <testcase classname="dependenciesInTestng.DependsOnTest" name="SignIn" time="0.001"/>
  <system-out/>
  <testcase classname="dependenciesInTestng.DependsOnTest" name="OpenBrowser" time="0.007"/>
  <system-out/>
</testsuite> <!-- dependenciesInTestng.DependsOnTest -->
