<?xml version="1.0" encoding="UTF-8"?>
<!-- Generated by org.testng.reporters.JUnitReportReporter -->
<testsuite hostname="DESKTOP-0MUFT6L" failures="0" tests="1" name="Mainproject.simpleproject.Test2" time="0.001" errors="0" timestamp="2022-10-03T10:42:06 IST" skipped="0">
  <testcase classname="Mainproject.simpleproject.Test2" name="main" time="0.001"/>
  <system-out/>
</testsuite> <!-- Mainproject.simpleproject.Test2 -->
