<?xml version="1.0" encoding="UTF-8"?>
<!-- Generated by org.testng.reporters.JUnitReportReporter -->
<testsuite hostname="DESKTOP-0MUFT6L" failures="0" tests="1" name="Demopackage.Democlass" time="20.448" errors="0" timestamp="2022-10-30T23:43:18 IST" skipped="0">
  <testcase classname="Demopackage.Democlass" name="testUntitledTestCase" time="20.448"/>
  <system-out/>
</testsuite> <!-- Demopackage.Democlass -->
