<?xml version="1.0" encoding="UTF-8"?>
<!-- Generated by org.testng.reporters.JUnitReportReporter -->
<testsuite hostname="JayeshPatle" failures="0" tests="5" name="ExecelInput.SampleExcelData" time="0.016" errors="0" timestamp="2023-02-20T22:33:08 IST" skipped="0">
  <testcase classname="ExecelInput.SampleExcelData" name="getExcelData" time="0.003"/>
  <system-out/>
  <testcase classname="ExecelInput.SampleExcelData" name="getExcelData" time="0.004"/>
  <system-out/>
  <testcase classname="ExecelInput.SampleExcelData" name="getExcelData" time="0.002"/>
  <system-out/>
  <testcase classname="ExecelInput.SampleExcelData" name="getExcelData" time="0.002"/>
  <system-out/>
  <testcase classname="ExecelInput.SampleExcelData" name="getExcelData" time="0.005"/>
  <system-out/>
</testsuite> <!-- ExecelInput.SampleExcelData -->
