<?xml version="1.0" encoding="UTF-8"?>
<!-- Generated by org.testng.reporters.JUnitReportReporter -->
<testsuite hostname="JayeshPatle" failures="0" tests="2" name="testngDataproviders.Class1" time="0.008" errors="0" timestamp="2023-02-21T12:25:35 IST" skipped="0">
  <testcase classname="testngDataproviders.Class1" name="login" time="0.002"/>
  <system-out/>
  <testcase classname="testngDataproviders.Class1" name="launchBrowser" time="0.006"/>
  <system-out/>
</testsuite> <!-- testngDataproviders.Class1 -->
