<?xml version="1.0" encoding="UTF-8"?>
<!-- Generated by org.testng.reporters.JUnitReportReporter -->
<testsuite hostname="JayeshPatle" failures="0" tests="1" name="SeleniumPractice.CreatingfileByvasant" time="23.646" errors="0" timestamp="2023-02-23T09:46:03 IST" skipped="0">
  <testcase classname="SeleniumPractice.CreatingfileByvasant" name="mainMethod" time="23.646"/>
  <system-out/>
</testsuite> <!-- SeleniumPractice.CreatingfileByvasant -->
