<?xml version="1.0" encoding="UTF-8"?>
<!-- Generated by org.testng.reporters.JUnitReportReporter -->
<testsuite hostname="JayeshPatle" failures="0" tests="3" name="Generic_methods.Testclass1" time="0.014" errors="0" timestamp="2023-02-27T16:39:07 IST" skipped="0">
  <testcase classname="Generic_methods.Testclass1" name="countTest" time="0.012"/>
  <system-out/>
  <testcase classname="Generic_methods.Testclass1" name="loseBrowser" time="0.001"/>
  <system-out/>
  <testcase classname="Generic_methods.Testclass1" name="OpenBrowser" time="0.001"/>
  <system-out/>
</testsuite> <!-- Generic_methods.Testclass1 -->
