<?xml version="1.0" encoding="UTF-8"?>
<!-- Generated by org.testng.reporters.JUnitReportReporter -->
<testsuite hostname="DESKTOP-0MUFT6L" failures="0" tests="3" name="TestCases.Resetpassword" time="13.748" errors="0" timestamp="2022-05-05T16:12:27 IST" skipped="0">
  <testcase classname="TestCases.Resetpassword" name="verifyrespasslink" time="4.616"/>
  <system-out/>
  <testcase classname="TestCases.Resetpassword" name="verifyloginpage" time="3.010"/>
  <system-out/>
  <testcase classname="TestCases.Resetpassword" name="resetPass" time="6.122"/>
  <system-out/>
</testsuite> <!-- TestCases.Resetpassword -->
