<?xml version="1.0" encoding="UTF-8"?>
<!-- Generated by org.testng.reporters.JUnitReportReporter -->
<testsuite hostname="DESKTOP-0MUFT6L" failures="0" tests="3" name="TestCases.loginTest" time="12.675" errors="0" timestamp="2022-06-06T13:29:55 IST" skipped="0">
  <testcase classname="TestCases.loginTest" name="loginPageTitleTest" time="3.037"/>
  <system-out/>
  <testcase classname="TestCases.loginTest" name="verifylogin" time="8.177"/>
  <system-out/>
  <testcase classname="TestCases.loginTest" name="Logout" time="1.461"/>
  <system-out/>
</testsuite> <!-- TestCases.loginTest -->
